2023-08-07 22:10:38.943  INFO 4252 --- [restartedMain] o.s.b.w.embedded.tomcat.TomcatWebServer  : Tomcat initialized with port(s): 8080 (http)
2023-08-07 22:10:38.944  INFO 4252 --- [restartedMain] o.apache.catalina.core.StandardService   : Starting service [Tomcat]
2023-08-07 22:10:38.945  INFO 4252 --- [restartedMain] org.apache.catalina.core.StandardEngine  : Starting Servlet engine: [Apache Tomcat/9.0.19]
2023-08-07 22:10:38.957  INFO 4252 --- [restartedMain] o.a.c.c.C.[Tomcat].[localhost].[/]       : Initializing Spring embedded WebApplicationContext
2023-08-07 22:10:38.958  INFO 4252 --- [restartedMain] o.s.web.context.ContextLoader            : Root WebApplicationContext: initialization completed in 198 ms
2023-08-07 22:10:39.008  INFO 4252 --- [restartedMain] o.s.s.concurrent.ThreadPoolTaskExecutor  : Initializing ExecutorService 'applicationTaskExecutor'
2023-08-07 22:10:39.045  INFO 4252 --- [restartedMain] o.s.b.d.a.OptionalLiveReloadServer       : LiveReload server is running on port 35729
2023-08-07 22:10:39.059  INFO 4252 --- [restartedMain] o.s.b.w.embedded.tomcat.TomcatWebServer  : Tomcat started on port(s): 8080 (http) with context path ''
2023-08-07 22:10:39.060  WARN 4252 --- [restartedMain] com.sjacob.LoggingRunner                 : WARN 로그 메시지
2023-08-07 22:10:39.061 ERROR 4252 --- [restartedMain] com.sjacob.LoggingRunner                 : ERROR 로그 메시지
2023-08-07 22:10:39.063  INFO 4252 --- [restartedMain] .ConditionEvaluationDeltaLoggingListener : Condition evaluation unchanged
2023-08-07 22:10:39.473  INFO 4252 --- [RMI TCP Connection(2)-127.0.0.1] inMXBeanRegistrar$SpringApplicationAdmin : Application shutdown requested.
2023-08-07 22:10:39.477  INFO 4252 --- [RMI TCP Connection(2)-127.0.0.1] o.s.s.concurrent.ThreadPoolTaskExecutor  : Shutting down ExecutorService 'applicationTaskExecutor'
2023-08-07 22:10:44.278  INFO 11644 --- [restartedMain] .e.DevToolsPropertyDefaultsPostProcessor : Devtools property defaults active! Set 'spring.devtools.add-properties' to 'false' to disable
2023-08-07 22:10:44.284  INFO 11644 --- [restartedMain] .e.DevToolsPropertyDefaultsPostProcessor : For additional web related logging consider setting the 'logging.level.web' property to 'DEBUG'
2023-08-07 22:10:45.171  INFO 11644 --- [restartedMain] o.s.b.w.embedded.tomcat.TomcatWebServer  : Tomcat initialized with port(s): 8080 (http)
2023-08-07 22:10:45.193  INFO 11644 --- [restartedMain] o.apache.catalina.core.StandardService   : Starting service [Tomcat]
2023-08-07 22:10:45.194  INFO 11644 --- [restartedMain] org.apache.catalina.core.StandardEngine  : Starting Servlet engine: [Apache Tomcat/9.0.19]
2023-08-07 22:10:45.299  INFO 11644 --- [restartedMain] o.a.c.c.C.[Tomcat].[localhost].[/]       : Initializing Spring embedded WebApplicationContext
2023-08-07 22:10:45.299  INFO 11644 --- [restartedMain] o.s.web.context.ContextLoader            : Root WebApplicationContext: initialization completed in 1015 ms
2023-08-07 22:10:45.515  INFO 11644 --- [restartedMain] o.s.s.concurrent.ThreadPoolTaskExecutor  : Initializing ExecutorService 'applicationTaskExecutor'
2023-08-07 22:10:45.656  INFO 11644 --- [restartedMain] o.s.b.d.a.OptionalLiveReloadServer       : LiveReload server is running on port 35729
2023-08-07 22:10:45.694  INFO 11644 --- [restartedMain] o.s.b.w.embedded.tomcat.TomcatWebServer  : Tomcat started on port(s): 8080 (http) with context path ''
2023-08-07 22:10:45.698  WARN 11644 --- [restartedMain] com.sjacob.LoggingRunner                 : WARN 로그 메시지
2023-08-07 22:10:45.698 ERROR 11644 --- [restartedMain] com.sjacob.LoggingRunner                 : ERROR 로그 메시지
2023-08-07 22:10:52.151  INFO 11644 --- [Thread-6] o.s.s.concurrent.ThreadPoolTaskExecutor  : Shutting down ExecutorService 'applicationTaskExecutor'
2023-08-07 22:10:52.577  INFO 11644 --- [restartedMain] o.s.b.w.embedded.tomcat.TomcatWebServer  : Tomcat initialized with port(s): 8080 (http)
2023-08-07 22:10:52.578  INFO 11644 --- [restartedMain] o.apache.catalina.core.StandardService   : Starting service [Tomcat]
2023-08-07 22:10:52.579  INFO 11644 --- [restartedMain] org.apache.catalina.core.StandardEngine  : Starting Servlet engine: [Apache Tomcat/9.0.19]
2023-08-07 22:10:52.591  INFO 11644 --- [restartedMain] o.a.c.c.C.[Tomcat].[localhost].[/]       : Initializing Spring embedded WebApplicationContext
2023-08-07 22:10:52.592  INFO 11644 --- [restartedMain] o.s.web.context.ContextLoader            : Root WebApplicationContext: initialization completed in 194 ms
2023-08-07 22:10:52.637  INFO 11644 --- [restartedMain] o.s.s.concurrent.ThreadPoolTaskExecutor  : Initializing ExecutorService 'applicationTaskExecutor'
2023-08-07 22:10:52.674  INFO 11644 --- [restartedMain] o.s.b.d.a.OptionalLiveReloadServer       : LiveReload server is running on port 35729
2023-08-07 22:10:52.690  INFO 11644 --- [restartedMain] o.s.b.w.embedded.tomcat.TomcatWebServer  : Tomcat started on port(s): 8080 (http) with context path ''
2023-08-07 22:10:52.692  WARN 11644 --- [restartedMain] com.sjacob.LoggingRunner                 : WARN 로그 메시지
2023-08-07 22:10:52.692 ERROR 11644 --- [restartedMain] com.sjacob.LoggingRunner                 : ERROR 로그 메시지
2023-08-07 22:10:52.693  INFO 11644 --- [restartedMain] .ConditionEvaluationDeltaLoggingListener : Condition evaluation unchanged
2023-08-07 22:10:54.100  INFO 11644 --- [Thread-10] o.s.s.concurrent.ThreadPoolTaskExecutor  : Shutting down ExecutorService 'applicationTaskExecutor'
2023-08-07 22:10:54.563  INFO 11644 --- [restartedMain] o.s.b.w.embedded.tomcat.TomcatWebServer  : Tomcat initialized with port(s): 8080 (http)
2023-08-07 22:10:54.565  INFO 11644 --- [restartedMain] o.apache.catalina.core.StandardService   : Starting service [Tomcat]
2023-08-07 22:10:54.566  INFO 11644 --- [restartedMain] org.apache.catalina.core.StandardEngine  : Starting Servlet engine: [Apache Tomcat/9.0.19]
2023-08-07 22:10:54.577  INFO 11644 --- [restartedMain] o.a.c.c.C.[Tomcat].[localhost].[/]       : Initializing Spring embedded WebApplicationContext
2023-08-07 22:10:54.577  INFO 11644 --- [restartedMain] o.s.web.context.ContextLoader            : Root WebApplicationContext: initialization completed in 172 ms
2023-08-07 22:10:54.617  INFO 11644 --- [restartedMain] o.s.s.concurrent.ThreadPoolTaskExecutor  : Initializing ExecutorService 'applicationTaskExecutor'
2023-08-07 22:10:54.645  INFO 11644 --- [restartedMain] o.s.b.d.a.OptionalLiveReloadServer       : LiveReload server is running on port 35729
2023-08-07 22:10:54.656  INFO 11644 --- [restartedMain] o.s.b.w.embedded.tomcat.TomcatWebServer  : Tomcat started on port(s): 8080 (http) with context path ''
2023-08-07 22:10:54.657  WARN 11644 --- [restartedMain] com.sjacob.LoggingRunner                 : WARN 로그 메시지
2023-08-07 22:10:54.657 ERROR 11644 --- [restartedMain] com.sjacob.LoggingRunner                 : ERROR 로그 메시지
2023-08-07 22:10:54.659  INFO 11644 --- [restartedMain] .ConditionEvaluationDeltaLoggingListener : Condition evaluation unchanged
2023-08-07 22:11:01.585  INFO 11644 --- [RMI TCP Connection(2)-127.0.0.1] inMXBeanRegistrar$SpringApplicationAdmin : Application shutdown requested.
2023-08-07 22:11:01.589  INFO 11644 --- [RMI TCP Connection(2)-127.0.0.1] o.s.s.concurrent.ThreadPoolTaskExecutor  : Shutting down ExecutorService 'applicationTaskExecutor'
